build/outputs/logs/manifest-merger-debug-report.txt
-- Merging decision tree log ---
manifest
ADDED from src/main/AndroidManifest.xml:2:1-87:12
	package
		ADDED from src/main/AndroidManifest.xml:3:11-48
	android:versionName
		ADDED from src/main/AndroidManifest.xml:5:11-36
	android:versionCode
		ADDED from src/main/AndroidManifest.xml:4:11-34
		INJECTED from src/main/AndroidManifest.xml
		INJECTED from src/main/AndroidManifest.xml
	xmlns:android
		ADDED from src/main/AndroidManifest.xml:2:11-69
uses-feature#android.hardware.bluetooth_le
ADDED from src/main/AndroidManifest.xml:19:3-87
MERGED from [:estimote-sdk:] AndroidManifest.xml:16:5-18:36
	android:required
		ADDED from src/main/AndroidManifest.xml:19:62-85
	android:name
		ADDED from src/main/AndroidManifest.xml:19:17-61
application
ADDED from src/main/AndroidManifest.xml:21:3-85:17
MERGED from [:estimote-sdk:] AndroidManifest.xml:20:5-24:19
MERGED from [com.android.support:appcompat-v7:22.2.0] AndroidManifest.xml:22:5-20
MERGED from [com.android.support:support-v4:22.2.0] AndroidManifest.xml:22:5-20
	android:label
		ADDED from src/main/AndroidManifest.xml:23:7-37
	android:theme
		ADDED from src/main/AndroidManifest.xml:24:7-43
	android:name
		ADDED from src/main/AndroidManifest.xml:22:7-39
activity#com.estimote.examples.demos.activities.AllDemosActivity
ADDED from src/main/AndroidManifest.xml:26:5-34:16
	android:screenOrientation
		ADDED from src/main/AndroidManifest.xml:29:9-45
	android:label
		ADDED from src/main/AndroidManifest.xml:28:9-39
	android:name
		ADDED from src/main/AndroidManifest.xml:27:9-52
intent-filter#android.intent.action.MAIN+android.intent.category.LAUNCHER
ADDED from src/main/AndroidManifest.xml:30:7-33:23
action#android.intent.action.MAIN
ADDED from src/main/AndroidManifest.xml:31:9-60
	android:name
		ADDED from src/main/AndroidManifest.xml:31:17-58
category#android.intent.category.LAUNCHER
ADDED from src/main/AndroidManifest.xml:32:9-68
	android:name
		ADDED from src/main/AndroidManifest.xml:32:19-66
activity#com.estimote.examples.demos.activities.ListBeaconsActivity
ADDED from src/main/AndroidManifest.xml:36:5-39:47
	android:screenOrientation
		ADDED from src/main/AndroidManifest.xml:39:9-45
	android:label
		ADDED from src/main/AndroidManifest.xml:38:9-38
	android:name
		ADDED from src/main/AndroidManifest.xml:37:9-55
activity#com.estimote.examples.demos.activities.ListEddystoneActivity
ADDED from src/main/AndroidManifest.xml:41:5-44:47
	android:screenOrientation
		ADDED from src/main/AndroidManifest.xml:44:9-45
	android:label
		ADDED from src/main/AndroidManifest.xml:43:9-41
	android:name
		ADDED from src/main/AndroidManifest.xml:42:9-57
activity#com.estimote.examples.demos.activities.ListNearablesActivity
ADDED from src/main/AndroidManifest.xml:46:5-49:47
	android:screenOrientation
		ADDED from src/main/AndroidManifest.xml:49:9-45
	android:label
		ADDED from src/main/AndroidManifest.xml:48:9-38
	android:name
		ADDED from src/main/AndroidManifest.xml:47:9-57
activity#com.estimote.examples.demos.activities.DistanceBeaconActivity
ADDED from src/main/AndroidManifest.xml:51:5-53:53
	android:screenOrientation
		ADDED from src/main/AndroidManifest.xml:53:15-51
	android:label
		ADDED from src/main/AndroidManifest.xml:52:15-44
	android:name
		ADDED from src/main/AndroidManifest.xml:51:15-64
activity#com.estimote.examples.demos.activities.NotifyDemoActivity
ADDED from src/main/AndroidManifest.xml:55:5-57:53
	android:screenOrientation
		ADDED from src/main/AndroidManifest.xml:57:15-51
	android:label
		ADDED from src/main/AndroidManifest.xml:56:15-42
	android:name
		ADDED from src/main/AndroidManifest.xml:55:15-60
activity#com.estimote.examples.demos.activities.CharacteristicsDemoActivity
ADDED from src/main/AndroidManifest.xml:59:5-61:53
	android:screenOrientation
		ADDED from src/main/AndroidManifest.xml:61:15-51
	android:label
		ADDED from src/main/AndroidManifest.xml:60:15-51
	android:name
		ADDED from src/main/AndroidManifest.xml:59:15-69
activity#com.estimote.examples.demos.activities.UpdateDemoActivity
ADDED from src/main/AndroidManifest.xml:63:5-65:53
	android:screenOrientation
		ADDED from src/main/AndroidManifest.xml:65:15-51
	android:label
		ADDED from src/main/AndroidManifest.xml:64:15-51
	android:name
		ADDED from src/main/AndroidManifest.xml:63:15-60
activity#com.estimote.examples.demos.activities.EddystoneDemoActivity
ADDED from src/main/AndroidManifest.xml:67:5-69:47
	android:screenOrientation
		ADDED from src/main/AndroidManifest.xml:69:9-45
	android:label
		ADDED from src/main/AndroidManifest.xml:68:9-39
	android:name
		ADDED from src/main/AndroidManifest.xml:67:15-63
activity#com.estimote.examples.demos.activities.NearablesDemoActivity
ADDED from src/main/AndroidManifest.xml:71:5-73:47
	android:screenOrientation
		ADDED from src/main/AndroidManifest.xml:73:9-45
	android:label
		ADDED from src/main/AndroidManifest.xml:72:9-39
	android:name
		ADDED from src/main/AndroidManifest.xml:71:15-63
activity#com.estimote.examples.demos.activities.SensorsActivity
ADDED from src/main/AndroidManifest.xml:75:5-77:47
	android:screenOrientation
		ADDED from src/main/AndroidManifest.xml:77:9-45
	android:label
		ADDED from src/main/AndroidManifest.xml:76:9-37
	android:name
		ADDED from src/main/AndroidManifest.xml:75:15-57
uses-sdk
INJECTED from src/main/AndroidManifest.xml reason: use-sdk injection requested
MERGED from [:estimote-sdk:] AndroidManifest.xml:7:5-43
MERGED from [com.android.support:appcompat-v7:22.2.0] AndroidManifest.xml:20:5-43
MERGED from [com.android.support:support-v4:22.2.0] AndroidManifest.xml:20:5-43
	android:minSdkVersion
		INJECTED from src/main/AndroidManifest.xml
		INJECTED from src/main/AndroidManifest.xml
uses-permission#android.permission.BLUETOOTH
ADDED from [:estimote-sdk:] AndroidManifest.xml:10:5-68
	android:name
		ADDED from [:estimote-sdk:] AndroidManifest.xml:10:22-65
uses-permission#android.permission.BLUETOOTH_ADMIN
ADDED from [:estimote-sdk:] AndroidManifest.xml:11:5-74
	android:name
		ADDED from [:estimote-sdk:] AndroidManifest.xml:11:22-71
uses-permission#android.permission.INTERNET
ADDED from [:estimote-sdk:] AndroidManifest.xml:13:5-67
	android:name
		ADDED from [:estimote-sdk:] AndroidManifest.xml:13:22-64
uses-permission#android.permission.ACCESS_NETWORK_STATE
ADDED from [:estimote-sdk:] AndroidManifest.xml:14:5-79
	android:name
		ADDED from [:estimote-sdk:] AndroidManifest.xml:14:22-76
service#com.estimote.sdk.service.BeaconService
ADDED from [:estimote-sdk:] AndroidManifest.xml:21:9-23:40
	android:exported
		ADDED from [:estimote-sdk:] AndroidManifest.xml:23:13-37
	android:name
		ADDED from [:estimote-sdk:] AndroidManifest.xml:22:13-66